<?xml version="1.0" encoding="UTF-8"?>
<!-- Generated by org.testng.reporters.JUnitXMLReporter -->
<testsuite ignored="2" hostname="DESKTOP-LOEDF30" failures="0" tests="1" name="Test(failed)(failed)(failed)" time="0.034" errors="0" timestamp="2024-08-17T04:13:36 EEST">
  <testcase classname="junit_testng.TestNG" name="test3" time="0.006"/>
  <testcase classname="junit_testng.TestNG" name="test2" time="0.0">
    <ignored/>
  </testcase> <!-- test2 -->
  <testcase classname="junit_testng.TestNG" name="test1" time="0.0">
    <ignored/>
  </testcase> <!-- test1 -->
</testsuite> <!-- Test(failed)(failed)(failed) -->
